[debug] [2021-05-24T10:52:33.533Z] ----------------------------------------------------------------------
[debug] [2021-05-24T10:52:33.535Z] Command:       C:\Program Files\nodejs\node.exe C:\Users\PCI127\AppData\Roaming\npm\node_modules\firebase-tools\lib\bin\firebase.js deploy
[debug] [2021-05-24T10:52:33.536Z] CLI Version:   9.11.0
[debug] [2021-05-24T10:52:33.536Z] Platform:      win32
[debug] [2021-05-24T10:52:33.536Z] Node Version:  v14.15.5
[debug] [2021-05-24T10:52:33.537Z] Time:          Mon May 24 2021 16:22:33 GMT+0530 (India Standard Time)
[debug] [2021-05-24T10:52:33.537Z] ----------------------------------------------------------------------
[debug] 
[debug] [2021-05-24T10:52:33.546Z] > command requires scopes: ["email","openid","https://www.googleapis.com/auth/cloudplatformprojects.readonly","https://www.googleapis.com/auth/firebase","https://www.googleapis.com/auth/cloud-platform"]
[debug] [2021-05-24T10:52:33.546Z] > authorizing via signed-in user (3999vachauhan@gmail.com)
[debug] [2021-05-24T10:52:33.546Z] [iam] checking project burger-builder for permissions ["firebase.projects.get","firebasehosting.sites.update"]
[debug] [2021-05-24T10:52:33.548Z] > refreshing access token with scopes: ["email","https://www.googleapis.com/auth/cloud-platform","https://www.googleapis.com/auth/cloudplatformprojects.readonly","https://www.googleapis.com/auth/firebase","openid"]
[debug] [2021-05-24T10:52:33.549Z] >>> HTTP REQUEST POST https://www.googleapis.com/oauth2/v3/token  
 <request body omitted>
[debug] [2021-05-24T10:52:33.802Z] <<< HTTP RESPONSE 200 {"date":"Mon, 24 May 2021 10:52:33 GMT","cache-control":"no-cache, no-store, max-age=0, must-revalidate","expires":"Mon, 01 Jan 1990 00:00:00 GMT","pragma":"no-cache","content-type":"application/json; charset=utf-8","vary":"X-Origin, Referer, Origin,Accept-Encoding","server":"scaffolding on HTTPServer2","x-xss-protection":"0","x-frame-options":"SAMEORIGIN","x-content-type-options":"nosniff","alt-svc":"h3-29=\":443\"; ma=2592000,h3-T051=\":443\"; ma=2592000,h3-Q050=\":443\"; ma=2592000,h3-Q046=\":443\"; ma=2592000,h3-Q043=\":443\"; ma=2592000,quic=\":443\"; ma=2592000; v=\"46,43\"","accept-ranges":"none","transfer-encoding":"chunked"}
[debug] [2021-05-24T10:52:33.855Z] >>> HTTP REQUEST POST https://cloudresourcemanager.googleapis.com/v1/projects/burger-builder:testIamPermissions  
 {"permissions":["firebase.projects.get","firebasehosting.sites.update"]}
[debug] [2021-05-24T10:52:35.582Z] <<< HTTP RESPONSE 200 {"content-type":"application/json; charset=UTF-8","vary":"X-Origin, Referer, Origin,Accept-Encoding","date":"Mon, 24 May 2021 10:52:35 GMT","server":"ESF","cache-control":"private","x-xss-protection":"0","x-frame-options":"SAMEORIGIN","x-content-type-options":"nosniff","server-timing":"gfet4t7; dur=1476","alt-svc":"h3-29=\":443\"; ma=2592000,h3-T051=\":443\"; ma=2592000,h3-Q050=\":443\"; ma=2592000,h3-Q046=\":443\"; ma=2592000,h3-Q043=\":443\"; ma=2592000,quic=\":443\"; ma=2592000; v=\"46,43\"","accept-ranges":"none","transfer-encoding":"chunked"}
[debug] [2021-05-24T10:52:35.583Z] [iam] error while checking permissions, command may fail: FirebaseError: Authorization failed. This account is missing the following required permissions on project burger-builder:

  firebase.projects.get
  firebasehosting.sites.update
[debug] [2021-05-24T10:52:35.584Z] > refreshing access token with scopes: []
[debug] [2021-05-24T10:52:35.584Z] >>> HTTP REQUEST POST https://www.googleapis.com/oauth2/v3/token  
 <request body omitted>
[debug] [2021-05-24T10:52:35.844Z] <<< HTTP RESPONSE 200 {"pragma":"no-cache","expires":"Mon, 01 Jan 1990 00:00:00 GMT","date":"Mon, 24 May 2021 10:52:35 GMT","cache-control":"no-cache, no-store, max-age=0, must-revalidate","content-type":"application/json; charset=utf-8","vary":"X-Origin, Referer, Origin,Accept-Encoding","server":"scaffolding on HTTPServer2","x-xss-protection":"0","x-frame-options":"SAMEORIGIN","x-content-type-options":"nosniff","alt-svc":"h3-29=\":443\"; ma=2592000,h3-T051=\":443\"; ma=2592000,h3-Q050=\":443\"; ma=2592000,h3-Q046=\":443\"; ma=2592000,h3-Q043=\":443\"; ma=2592000,quic=\":443\"; ma=2592000; v=\"46,43\"","accept-ranges":"none","transfer-encoding":"chunked"}
[debug] [2021-05-24T10:52:35.903Z] >>> [apiv2][query] GET https://firebase.googleapis.com/v1beta1/projects/burger-builder [none]
[debug] [2021-05-24T10:52:36.663Z] <<< [apiv2][status] GET https://firebase.googleapis.com/v1beta1/projects/burger-builder 403
[debug] [2021-05-24T10:52:36.663Z] <<< [apiv2][body] GET https://firebase.googleapis.com/v1beta1/projects/burger-builder {"error":{"code":403,"message":"The caller does not have permission","status":"PERMISSION_DENIED"}}
[debug] [2021-05-24T10:52:36.664Z] HTTP Error: 403, The caller does not have permission
[debug] [2021-05-24T10:52:36.925Z] FirebaseError: HTTP Error: 403, The caller does not have permission
    at module.exports (C:\Users\PCI127\AppData\Roaming\npm\node_modules\firebase-tools\lib\responseToError.js:38:12)
    at Client.doRequest (C:\Users\PCI127\AppData\Roaming\npm\node_modules\firebase-tools\lib\apiv2.js:238:23)
    at processTicksAndRejections (internal/process/task_queues.js:93:5)
    at async Client.request (C:\Users\PCI127\AppData\Roaming\npm\node_modules\firebase-tools\lib\apiv2.js:96:20)
    at async Object.getFirebaseProject (C:\Users\PCI127\AppData\Roaming\npm\node_modules\firebase-tools\lib\management\projects.js:290:21)
    at async Object.getDefaultHostingSite (C:\Users\PCI127\AppData\Roaming\npm\node_modules\firebase-tools\lib\getDefaultHostingSite.js:8:21)
    at async requireHostingSite (C:\Users\PCI127\AppData\Roaming\npm\node_modules\firebase-tools\lib\requireHostingSite.js:9:18)
    at async Object.fn (C:\Users\PCI127\AppData\Roaming\npm\node_modules\firebase-tools\lib\commands\deploy.js:66:9)
    at async C:\Users\PCI127\AppData\Roaming\npm\node_modules\firebase-tools\lib\command.js:169:17
[error] 
[error] Error: Failed to get Firebase project burger-builder. Please make sure the project exists and your account has permission to access it.
[debug] [2021-05-24T11:24:01.045Z] ----------------------------------------------------------------------
[debug] [2021-05-24T11:24:01.047Z] Command:       C:\Program Files\nodejs\node.exe C:\Users\PCI127\AppData\Roaming\npm\node_modules\firebase-tools\lib\bin\firebase.js init
[debug] [2021-05-24T11:24:01.047Z] CLI Version:   9.11.0
[debug] [2021-05-24T11:24:01.048Z] Platform:      win32
[debug] [2021-05-24T11:24:01.048Z] Node Version:  v14.15.5
[debug] [2021-05-24T11:24:01.049Z] Time:          Mon May 24 2021 16:54:01 GMT+0530 (India Standard Time)
[debug] [2021-05-24T11:24:01.049Z] ----------------------------------------------------------------------
[debug] 
[debug] [2021-05-24T11:24:01.056Z] > command requires scopes: ["email","openid","https://www.googleapis.com/auth/cloudplatformprojects.readonly","https://www.googleapis.com/auth/firebase","https://www.googleapis.com/auth/cloud-platform"]
[debug] [2021-05-24T11:24:01.056Z] > authorizing via signed-in user (3999vachauhan@gmail.com)
[info] 
     ######## #### ########  ######## ########     ###     ######  ########
     ##        ##  ##     ## ##       ##     ##  ##   ##  ##       ##
     ######    ##  ########  ######   ########  #########  ######  ######
     ##        ##  ##    ##  ##       ##     ## ##     ##       ## ##
     ##       #### ##     ## ######## ########  ##     ##  ######  ########

You're about to initialize a Firebase project in this directory:

  C:\Users\PCI127\Desktop\TatvaSoft Training-venisha\burger-builder

Before we get started, keep in mind:

  * You are initializing in an existing Firebase project directory

[info] 
=== Project Setup
[info] 
[info] First, let's associate this project directory with a Firebase project.
[info] You can create multiple project aliases by running firebase use --add, 
[info] but for now we'll just set up a default project.
[info] 
[info] i  .firebaserc already has a default project, using burger-builder. 
[debug] [2021-05-24T11:24:09.160Z] >>> [apiv2][query] GET https://firebase.googleapis.com/v1beta1/projects/burger-builder [none]
[debug] [2021-05-24T11:24:09.765Z] <<< [apiv2][status] GET https://firebase.googleapis.com/v1beta1/projects/burger-builder 403
[debug] [2021-05-24T11:24:09.765Z] <<< [apiv2][body] GET https://firebase.googleapis.com/v1beta1/projects/burger-builder {"error":{"code":403,"message":"The caller does not have permission","status":"PERMISSION_DENIED"}}
[debug] [2021-05-24T11:24:09.766Z] HTTP Error: 403, The caller does not have permission
[debug] [2021-05-24T11:24:10.039Z] FirebaseError: HTTP Error: 403, The caller does not have permission
    at module.exports (C:\Users\PCI127\AppData\Roaming\npm\node_modules\firebase-tools\lib\responseToError.js:38:12)
    at Client.doRequest (C:\Users\PCI127\AppData\Roaming\npm\node_modules\firebase-tools\lib\apiv2.js:238:23)
    at processTicksAndRejections (internal/process/task_queues.js:93:5)
    at async Client.request (C:\Users\PCI127\AppData\Roaming\npm\node_modules\firebase-tools\lib\apiv2.js:96:20)
    at async Object.getFirebaseProject (C:\Users\PCI127\AppData\Roaming\npm\node_modules\firebase-tools\lib\management\projects.js:290:21)
    at async Object.doSetup [as project] (C:\Users\PCI127\AppData\Roaming\npm\node_modules\firebase-tools\lib\init\features\project.js:77:27)
    at async init (C:\Users\PCI127\AppData\Roaming\npm\node_modules\firebase-tools\lib\init\index.js:19:9)
[error] 
[error] Error: Failed to get Firebase project burger-builder. Please make sure the project exists and your account has permission to access it.
